\BOOKMARK [0][-]{Tytul.1.0}{\376\377\000T\000y\000t\000u\001\102}{}% 1
\BOOKMARK [0][-]{spisTresci.1.0}{\376\377\000S\000p\000i\000s\000\040\000t\000r\000e\001\133\000c\000i}{}% 2
\BOOKMARK [0][-]{spisTabel.1.0}{\376\377\000S\000p\000i\000s\000\040\000t\000a\000b\000e\000l}{}% 3
\BOOKMARK [0][-]{chapter.1}{\376\377\000W\000s\000t\001\031\000p}{}% 4
\BOOKMARK [1][-]{section.1.1}{\376\377\000W\000p\000r\000o\000w\000a\000d\000z\000e\000n\000i\000e\000\040\000w\000\040\000t\000e\000m\000a\000t\000y\000k\001\031}{chapter.1}% 5
\BOOKMARK [1][-]{section.1.2}{\376\377\000P\000r\000z\000e\000g\000l\001\005\000d\000\040\000i\000s\000t\000n\000i\000e\000j\001\005\000c\000y\000c\000h\000\040\000r\000o\000z\000w\000i\001\005\000z\000a\001\104}{chapter.1}% 6
\BOOKMARK [0][-]{chapter.2}{\376\377\000C\000e\000l\000\040\000p\000r\000a\000c\000y}{}% 7
\BOOKMARK [0][-]{chapter.3}{\376\377\000Z\000a\001\102\000o\001\174\000e\000n\000i\000a\000\040\000p\000r\000o\000j\000e\000k\000t\000o\000w\000e}{}% 8
\BOOKMARK [1][-]{section.3.1}{\376\377\000W\000y\000m\000a\000g\000a\000n\000i\000a\000\040\000f\000u\000n\000k\000c\000j\000o\000n\000a\000l\000n\000e}{chapter.3}% 9
\BOOKMARK [2][-]{subsection.3.1.1}{\376\377\000W\000y\000m\000a\000g\000a\000n\000i\000a\000\040\000o\000d\000\040\000s\000t\000r\000o\000n\000y\000\040\000a\000d\000m\000i\000n\000i\000s\000t\000r\000a\000t\000o\000r\000a}{section.3.1}% 10
\BOOKMARK [2][-]{subsection.3.1.2}{\376\377\000W\000y\000m\000a\000g\000a\000n\000i\000a\000\040\000o\000d\000\040\000s\000t\000r\000o\000n\000y\000\040\000u\001\174\000y\000t\000k\000o\000w\000n\000i\000k\000a}{section.3.1}% 11
\BOOKMARK [1][-]{section.3.2}{\376\377\000W\000y\000m\000a\000g\000a\000n\000i\000a\000\040\000n\000i\000e\000f\000u\000n\000k\000c\000j\000o\000n\000a\000l\000n\000e}{chapter.3}% 12
\BOOKMARK [0][-]{chapter.4}{\376\377\000N\000a\000r\000z\001\031\000d\000z\000i\000a\000\040\000i\000\040\000T\000e\000c\000h\000n\000o\000l\000o\000g\000i\000e}{}% 13
\BOOKMARK [1][-]{section.4.1}{\376\377\000.\000N\000E\000T\000\040\000C\000o\000r\000e\000\040\0003\000.\0001}{chapter.4}% 14
\BOOKMARK [1][-]{section.4.2}{\376\377\000C\000\043}{chapter.4}% 15
\BOOKMARK [1][-]{section.4.3}{\376\377\000R\000e\000a\000c\000t\000.\000J\000S}{chapter.4}% 16
\BOOKMARK [1][-]{section.4.4}{\376\377\000T\000y\000p\000e\000S\000c\000r\000i\000p\000t}{chapter.4}% 17
\BOOKMARK [1][-]{section.4.5}{\376\377\000R\000E\000S\000T\000\040\000A\000P\000I}{chapter.4}% 18
\BOOKMARK [1][-]{section.4.6}{\376\377\000M\000i\000c\000r\000o\000s\000o\000f\000t\000\040\000S\000Q\000L\000\040\000S\000e\000r\000v\000e\000r}{chapter.4}% 19
\BOOKMARK [0][-]{chapter.5}{\376\377\000I\000m\000p\000l\000e\000m\000e\000n\000t\000a\000c\000j\000a}{}% 20
\BOOKMARK [1][-]{section.5.1}{\376\377\000B\000a\000z\000a\000\040\000d\000a\000n\000y\000c\000h}{chapter.5}% 21
\BOOKMARK [0][-]{chapter.6}{\376\377\000P\000o\000d\000s\000u\000m\000o\000w\000a\000n\000i\000e}{}% 22
\BOOKMARK [0][-]{chapter*.3}{\376\377\000L\000i\000t\000e\000r\000a\000t\000u\000r\000a}{}% 23
\BOOKMARK [0][-]{section*.4}{\376\377\000I\000n\000d\000e\000k\000s\000\040\000r\000z\000e\000c\000z\000o\000w\000y}{}% 24
