This is pdfTeX, Version 3.14159265-2.6-1.40.21 (MiKTeX 20.7) (preloaded format=pdflatex 2020.10.10)  6 DEC 2020 16:47
entering extended mode
**./Dyplom.tex
(Dyplom.tex
LaTeX2e <2020-10-01>
L3 programming layer <2020-10-05> xparse <2020-03-03>
(C:\Users\pietrus\AppData\Local\Programs\MiKTeX\tex/latex/memoir\memoir.cls
Document Class: memoir 2020/10/04 v3.7n configurable book, report, article docu
ment class
\onelineskip=\skip47
\lxvchars=\skip48
\xlvchars=\skip49
\@memcnta=\count175
\c@@memmarkcntra=\count176
(C:\Users\pietrus\AppData\Local\Programs\MiKTeX\tex/generic/iftex\iftex.sty
Package: iftex 2020/03/06 v1.0d TeX engine tests
)
\stockheight=\skip50
\stockwidth=\skip51
\trimtop=\skip52
\trimedge=\skip53
LaTeX Font Info:    Trying to load font information for T1+lmr on input line 70
6.

(C:\Users\pietrus\AppData\Local\Programs\MiKTeX\tex/latex/lm\t1lmr.fd
File: t1lmr.fd 2009/10/30 v1.6 Font defs for Latin Modern
)
(C:\Users\pietrus\AppData\Local\Programs\MiKTeX\tex/latex/memoir\mem12.clo
File: mem12.clo 2010/10/19 v0.4b memoir class 12pt size option
)
(C:\Users\pietrus\AppData\Local\Programs\MiKTeX\tex/latex/lm\lmodern.sty
Package: lmodern 2009/10/30 v1.6 Latin Modern Fonts
LaTeX Font Info:    Overwriting symbol font `operators' in version `normal'
(Font)                  OT1/cmr/m/n --> OT1/lmr/m/n on input line 22.
LaTeX Font Info:    Overwriting symbol font `letters' in version `normal'
(Font)                  OML/cmm/m/it --> OML/lmm/m/it on input line 23.
LaTeX Font Info:    Overwriting symbol font `symbols' in version `normal'
(Font)                  OMS/cmsy/m/n --> OMS/lmsy/m/n on input line 24.
LaTeX Font Info:    Overwriting symbol font `largesymbols' in version `normal'
(Font)                  OMX/cmex/m/n --> OMX/lmex/m/n on input line 25.
LaTeX Font Info:    Overwriting symbol font `operators' in version `bold'
(Font)                  OT1/cmr/bx/n --> OT1/lmr/bx/n on input line 26.
LaTeX Font Info:    Overwriting symbol font `letters' in version `bold'
(Font)                  OML/cmm/b/it --> OML/lmm/b/it on input line 27.
LaTeX Font Info:    Overwriting symbol font `symbols' in version `bold'
(Font)                  OMS/cmsy/b/n --> OMS/lmsy/b/n on input line 28.
LaTeX Font Info:    Overwriting symbol font `largesymbols' in version `bold'
(Font)                  OMX/cmex/m/n --> OMX/lmex/m/n on input line 29.
LaTeX Font Info:    Overwriting math alphabet `\mathbf' in version `normal'
(Font)                  OT1/cmr/bx/n --> OT1/lmr/bx/n on input line 31.
LaTeX Font Info:    Overwriting math alphabet `\mathsf' in version `normal'
(Font)                  OT1/cmss/m/n --> OT1/lmss/m/n on input line 32.
LaTeX Font Info:    Overwriting math alphabet `\mathit' in version `normal'
(Font)                  OT1/cmr/m/it --> OT1/lmr/m/it on input line 33.
LaTeX Font Info:    Overwriting math alphabet `\mathtt' in version `normal'
(Font)                  OT1/cmtt/m/n --> OT1/lmtt/m/n on input line 34.
LaTeX Font Info:    Overwriting math alphabet `\mathbf' in version `bold'
(Font)                  OT1/cmr/bx/n --> OT1/lmr/bx/n on input line 35.
LaTeX Font Info:    Overwriting math alphabet `\mathsf' in version `bold'
(Font)                  OT1/cmss/bx/n --> OT1/lmss/bx/n on input line 36.
LaTeX Font Info:    Overwriting math alphabet `\mathit' in version `bold'
(Font)                  OT1/cmr/bx/it --> OT1/lmr/bx/it on input line 37.
LaTeX Font Info:    Overwriting math alphabet `\mathtt' in version `bold'
(Font)                  OT1/cmtt/m/n --> OT1/lmtt/m/n on input line 38.
)
(C:\Users\pietrus\AppData\Local\Programs\MiKTeX\tex/latex/base\fontenc.sty
Package: fontenc 2020/08/10 v2.0s Standard LaTeX package
)
\binding=\skip54
\spinemargin=\skip55
\foremargin=\skip56
\uppermargin=\skip57
\lowermargin=\skip58
\headdrop=\skip59
\normalrulethickness=\skip60
\mem@maxheadheight=\skip61
\mem@maxfootheight=\skip62
\headwidth=\skip63
\c@storedpagenumber=\count177
\memPD=\dimen138
\m@mabparskip=\skip64
\thanksmarkwidth=\skip65
\thanksmarksep=\skip66
\droptitle=\skip67
\c@book=\count178
\c@part=\count179
\c@chapter=\count180
\c@section=\count181
\c@subsection=\count182
\c@subsubsection=\count183
\c@paragraph=\count184
\c@subparagraph=\count185
\beforechapskip=\skip68
\midchapskip=\skip69
\afterchapskip=\skip70
\chapindent=\skip71
\bottomsectionskip=\skip72
\secindent=\skip73
\beforesecskip=\skip74
\aftersecskip=\skip75
\subsecindent=\skip76
\beforesubsecskip=\skip77
\aftersubsecskip=\skip78
\subsubsecindent=\skip79
\beforesubsubsecskip=\skip80
\aftersubsubsecskip=\skip81
\paraindent=\skip82
\beforeparaskip=\skip83
\afterparaskip=\skip84
\subparaindent=\skip85
\beforesubparaskip=\skip86
\aftersubparaskip=\skip87
\pfbreakskip=\skip88
\c@@ppsavesec=\count186
\c@@ppsaveapp=\count187
\ragrparindent=\dimen139
\everylistparindent=\dimen140
\parsepi=\skip89
\topsepi=\skip90
\itemsepi=\skip91
\parsepii=\skip92
\topsepii=\skip93
\topsepiii=\skip94
\itemsepii=\skip95
\itemsepiii=\skip96
\partopsepii=\skip97
\partopsepiii=\skip98
\m@msavetopsep=\skip99
\m@msavepartopsep=\skip100
\@enLab=\toks15
\abstitleskip=\skip101
\absleftindent=\skip102
\abs@leftindent=\dimen141
\absrightindent=\skip103
\absparindent=\skip104
\absparsep=\skip105
\c@vslineno=\count188
\c@poemline=\count189
\c@modulo@vs=\count190
\c@memfvsline=\count191
\vleftskip=\skip106
\vrightskip=\skip107
\stanzaskip=\skip108
\versewidth=\skip109
\vgap=\skip110
\vindent=\skip111
\vleftmargin=\dimen142
\c@verse=\count192
\c@chrsinstr=\count193
\beforepoemtitleskip=\skip112
\afterpoemtitleskip=\skip113
\c@poem=\count194
\beforePoemTitleskip=\skip114
\midPoemTitleskip=\skip115
\afterPoemTitleskip=\skip116

(C:\Users\pietrus\AppData\Local\Programs\MiKTeX\tex/latex/tools\array.sty
Package: array 2019/08/31 v2.4l Tabular extension package (FMi)
\col@sep=\dimen143
\ar@mcellbox=\box47
\extrarowheight=\dimen144
\NC@list=\toks16
\extratabsurround=\skip117
\backup@length=\skip118
\ar@cellbox=\box48
)
(C:\Users\pietrus\AppData\Local\Programs\MiKTeX\tex/latex/tools\dcolumn.sty
Package: dcolumn 2014/10/28 v1.06 decimal alignment package (DPC)
)
(C:\Users\pietrus\AppData\Local\Programs\MiKTeX\tex/latex/tools\delarray.sty
Package: delarray 2014/10/28 v1.01 array delimiter package (DPC)
)
(C:\Users\pietrus\AppData\Local\Programs\MiKTeX\tex/latex/tools\tabularx.sty
Package: tabularx 2020/01/15 v2.11c `tabularx' package (DPC)
\TX@col@width=\dimen145
\TX@old@table=\dimen146
\TX@old@col=\dimen147
\TX@target=\dimen148
\TX@delta=\dimen149
\TX@cols=\count195
\TX@ftn=\toks17
)
\heavyrulewidth=\dimen150
\lightrulewidth=\dimen151
\cmidrulewidth=\dimen152
\belowrulesep=\dimen153
\belowbottomsep=\dimen154
\aboverulesep=\dimen155
\abovetopsep=\dimen156
\cmidrulesep=\dimen157
\cmidrulekern=\dimen158
\defaultaddspace=\dimen159
\@cmidla=\count196
\@cmidlb=\count197
\@aboverulesep=\dimen160
\@belowrulesep=\dimen161
\@thisruleclass=\count198
\@lastruleclass=\count199
\@thisrulewidth=\dimen162
\ctableftskip=\skip119
\ctabrightskip=\skip120
\abovecolumnspenalty=\count266
\@linestogo=\count267
\@cellstogo=\count268
\@cellsincolumn=\count269
\crtok=\toks18
\@mincolumnwidth=\dimen163
\c@newflo@tctr=\count270
\mem@margin@floatbox=\box49
\@contcwidth=\skip121
\@contindw=\skip122
\abovecaptionskip=\skip123
\belowcaptionskip=\skip124
\subfloattopskip=\skip125
\subfloatcapskip=\skip126
\subfloatcaptopadj=\skip127
\subfloatbottomskip=\skip128
\subfloatlabelskip=\skip129
\subfloatcapmargin=\dimen164
\c@@contsubnum=\count271
\m@mscap@capbox=\box50
\m@mscap@fbox=\box51
\sidecapsep=\dimen165
\sidecapwidth=\dimen166
\m@m@tempdima=\dimen167
\m@mscapraise=\dimen168
\sidecapraise=\dimen169
\m@mscapmainwidth=\dimen170
\m@mscaplkern=\dimen171
\beforeepigraphskip=\skip130
\afterepigraphskip=\skip131
\epigraphwidth=\skip132
\epigraphrule=\skip133
LaTeX Info: Redefining \em on input line 7678.
LaTeX Info: Redefining \emph on input line 7686.
\tocentryskip=\skip134
\tocbaseline=\skip135
\cftparskip=\skip136
\cftbeforebookskip=\skip137
\cftbookindent=\dimen172
\cftbooknumwidth=\dimen173
\cftbeforepartskip=\skip138
\cftpartindent=\skip139
\cftpartnumwidth=\skip140
\cftbeforechapterskip=\skip141
\cftchapterindent=\skip142
\cftchapternumwidth=\skip143
\cftbeforesectionskip=\skip144
\cftsectionindent=\skip145
\cftsectionnumwidth=\skip146
\cftbeforesubsectionskip=\skip147
\cftsubsectionindent=\skip148
\cftsubsectionnumwidth=\skip149
\cftbeforesubsubsectionskip=\skip150
\cftsubsubsectionindent=\skip151
\cftsubsubsectionnumwidth=\skip152
\cftbeforeparagraphskip=\skip153
\cftparagraphindent=\skip154
\cftparagraphnumwidth=\skip155
\cftbeforesubparagraphskip=\skip156
\cftsubparagraphindent=\skip157
\cftsubparagraphnumwidth=\skip158
\prechapterprecisshift=\dimen174
\c@maxsecnumdepth=\count272
\bibindent=\dimen175
\bibitemsep=\skip159
\indexcolsep=\skip160
\indexrule=\skip161
\indexmarkstyle=\toks19
\@indexbox=\insert252
\glossarycolsep=\dimen176
\glossaryrule=\dimen177
\sideparvshift=\skip162
\sideins=\insert251
\sidebartopsep=\skip163
\sidebarhsep=\skip164
\sidebarvsep=\skip165
\sidebarwidth=\skip166
\footmarkwidth=\skip167
\footmarksep=\skip168
\footparindent=\skip169
\footinsdim=\skip170
\footinsv@r=\insert250
\@mpfootinsv@r=\insert249
\m@m@k=\count273
\m@m@h=\dimen178
\m@mipn@skip=\skip171
\sidefootins=\insert248
\sidefootadjust=\skip172
\sidefootheight=\skip173
\sidefoothsep=\skip174
\sidefootvsep=\skip175
\sidefootwidth=\skip176
\m@mdownsf=\skip177
\c@sidefootnote=\count274
\sidefootmarkwidth=\skip178
\sidefootmarksep=\skip179
\sidefootparindent=\skip180
\c@pagenote=\count275
\c@pagenoteshadow=\count276
\mem@pn@lastkern=\skip181
\every@verbatim=\toks20
\afterevery@verbatim=\toks21
\verbatim@line=\toks22
\tab@position=\count277
\verbatim@in@stream=\read2
\verbatimindent=\skip182
\verbatim@out=\write3
\bvboxsep=\skip183
\c@memfbvline=\count278
\c@bvlinectr=\count279
\bvnumlength=\skip184
\fb@frw=\dimen179
\fb@frh=\dimen180
\FrameRule=\dimen181
\FrameSep=\dimen182
\c@cp@cntr=\count280
\c@ism@mctr=\count281
\c@xsm@mctr=\count282
\c@csm@mctr=\count283
\c@ksm@mctr=\count284
\c@xksm@mctr=\count285
\c@cksm@mctr=\count286
\c@msm@mctr=\count287
\c@xmsm@mctr=\count288
\c@cmsm@mctr=\count289
\c@bsm@mctr=\count290
\c@workm@mctr=\count291
\c@sheetsequence=\count292
\c@lastsheet=\count293
\c@lastpage=\count294

(C:\Users\pietrus\AppData\Local\Programs\MiKTeX\tex/latex/textcase\textcase.sty
Package: textcase 2019/09/14 v1.00 Text only upper/lower case changing (DPC)
)
\c@figure=\count295
\c@lofdepth=\count296
\cftbeforefigureskip=\skip185
\cftfigureindent=\skip186
\cftfigurenumwidth=\skip187
\c@table=\count297
\c@lotdepth=\count298
\cftbeforetableskip=\skip188
\cfttableindent=\skip189
\cfttablenumwidth=\skip190
Package abstract [2008/07/23] emulated by memoir.
Package appendix [2008/07/23] emulated by memoir.
Package booktabs [2016/05/16] emulated by memoir.
Package ccaption [2008/07/23] emulated by memoir.
Package changepage [2008/07/23] emulated by memoir.
Package chngcntr [2008/07/23] emulated by memoir.
Package chngpage [2008/07/23] emulated by memoir.
Package crop emulated by memoir.
Package enumerate [2008/07/23] emulated by memoir.
Package epigraph [2008/07/23] emulated by memoir.
Package ifmtarg [2008/07/23] emulated by memoir.
Package index [2008/07/23] emulated by memoir.
Package makeidx [2008/07/23] emulated by memoir.
Package moreverb [2008/07/23] emulated by memoir.
Package mparhack [2008/07/23] emulated by memoir.
Package needspace [2008/07/23] emulated by memoir.
Package newfile [2008/07/23] emulated by memoir.
Package nextpage [2008/07/23] emulated by memoir.
Package pagenote [2008/07/23] emulated by memoir.
Package parskip [2008/07/23] emulated by memoir.
Package patchcmd [2008/07/23] emulated by memoir.
Package setspace [2008/07/23] emulated by memoir.
Package shortvrb [2008/07/23] emulated by memoir.
Package showidx [2008/07/23] emulated by memoir.
Package titleref [2008/07/23] emulated by memoir.
Package titling [2008/07/23] emulated by memoir.
Package tocbibind [2008/07/23] emulated by memoir.
Package tocloft [2008/07/23] emulated by memoir.
Package tocvsec2 [2008/07/23] emulated by memoir.
Package verbatim [2008/07/23] emulated by memoir.
Package verse [2008/07/23] emulated by memoir.
) (C:\Users\pietrus\AppData\Local\Programs\MiKTeX\tex/latex/base\inputenc.sty
Package: inputenc 2020/08/01 v1.3d Input encoding file
\inpenc@prehook=\toks23
\inpenc@posthook=\toks24

(C:\Users\pietrus\AppData\Local\Programs\MiKTeX\tex/latex/base\cp1250.def
File: cp1250.def 2020/08/01 v1.3d Input encoding file
))
(C:\Users\pietrus\AppData\Local\Programs\MiKTeX\tex/latex/base\fontenc.sty
Package: fontenc 2020/08/10 v2.0s Standard LaTeX package
)
(C:\Users\pietrus\AppData\Local\Programs\MiKTeX\tex/generic/babel\babel.sty
Package: babel 2020/10/06 3.50 The Babel package

(C:\Users\pietrus\AppData\Local\Programs\MiKTeX\tex/generic/babel\babel.def
File: babel.def 2020/10/06 3.50 Babel common definitions
\babel@savecnt=\count299
\U@D=\dimen183
\l@babelnohyphens=\language79

(C:\Users\pietrus\AppData\Local\Programs\MiKTeX\tex/generic/babel\txtbabel.def)
\bbl@readstream=\read3
)
\bbl@dirlevel=\count300

*************************************
* Local config file bblopts.cfg used
*
(C:\Users\pietrus\AppData\Local\Programs\MiKTeX\tex/latex/arabi\bblopts.cfg
File: bblopts.cfg 2005/09/08 v0.1 add Arabic and Farsi to "declared" options of
 babel
)
(C:\Users\pietrus\AppData\Local\Programs\MiKTeX\tex/latex/babel-polish\polish.l
df
Language: polish 2005/03/31 v1.2l Polish support from the babel system
Package babel Info: Making " an active character on input line 83.
\pl@left=\dimen184
\pl@down=\dimen185
\pl@right=\dimen186
\pl@temp=\dimen187
))
(C:\Users\pietrus\AppData\Local\Programs\MiKTeX\tex/latex/graphics\color.sty
Package: color 2020/02/24 v1.2b Standard LaTeX Color (DPC)

(C:\Users\pietrus\AppData\Local\Programs\MiKTeX\tex/latex/graphics-cfg\color.cf
g
File: color.cfg 2016/01/02 v1.6 sample color configuration
)
Package color Info: Driver file: pdftex.def on input line 147.

(C:\Users\pietrus\AppData\Local\Programs\MiKTeX\tex/latex/graphics-def\pdftex.d
ef
File: pdftex.def 2020/10/05 v1.2a Graphics/color driver for pdftex
)) (C:\Users\pietrus\AppData\Local\Programs\MiKTeX\tex/latex/tools\calc.sty
Package: calc 2017/05/25 v4.3 Infix arithmetic (KKT,FJ)
\calc@Acount=\count301
\calc@Bcount=\count302
\calc@Adimen=\dimen188
\calc@Bdimen=\dimen189
\calc@Askip=\skip191
\calc@Bskip=\skip192
LaTeX Info: Redefining \setlength on input line 80.
LaTeX Info: Redefining \addtolength on input line 81.
\calc@Ccount=\count303
\calc@Cskip=\skip193
)
Class memoir Info: For the caption package to function properly with memoir, we
 will now reset \caption and friends to kernel defaults and then let the
caption package take over. Remember: all caption configuration now goes via the
 caption package interface, not the interface from the memoir class.  on input 
line 41.

(C:\Users\pietrus\AppData\Local\Programs\MiKTeX\tex/latex/caption\caption.sty
Package: caption 2020/10/26 v3.5g Customizing captions (AR)

(C:\Users\pietrus\AppData\Local\Programs\MiKTeX\tex/latex/caption\caption3.sty
Package: caption3 2020/10/21 v2.2e caption3 kernel (AR)

(C:\Users\pietrus\AppData\Local\Programs\MiKTeX\tex/latex/graphics\keyval.sty
Package: keyval 2014/10/28 v1.15 key=value parser (DPC)
\KV@toks@=\toks25
)
\captionmargin=\dimen190
\captionmargin@=\dimen191
\captionwidth=\dimen192
\caption@tempdima=\dimen193
\caption@indent=\dimen194
\caption@parindent=\dimen195
\caption@hangindent=\dimen196
Package caption Info: memoir document class detected.

(C:\Users\pietrus\AppData\Local\Programs\MiKTeX\tex/latex/caption\caption-memoi
r.sto
File: caption-memoir.sto 2020/10/10 v2.1 Adaption of the caption package to the
 memoir document class (AR)
))
\c@caption@flags=\count304
\c@continuedfloat=\count305
Package caption Info: changepage package is loaded.
\caption@adjustwidth@hsize=\dimen197
\caption@adjustwidth@linewidth=\dimen198
)
(C:\Users\pietrus\AppData\Local\Programs\MiKTeX\tex/latex/caption\subcaption.st
y
Package: subcaption 2020/10/07 v1.3j Sub-captions (AR)
\c@subfigure=\count306
\c@subtable=\count307
)
(C:\Users\pietrus\AppData\Local\Programs\MiKTeX\tex/latex/ebgaramond\ebgaramond
.sty
Package: ebgaramond 2020/04/12 (Bob Tennent and autoinst) Style file for EB Gar
amond fonts.

(C:\Users\pietrus\AppData\Local\Programs\MiKTeX\tex/generic/iftex\ifxetex.sty
Package: ifxetex 2019/10/25 v0.7 ifxetex legacy package. Use iftex instead.
)
(C:\Users\pietrus\AppData\Local\Programs\MiKTeX\tex/generic/iftex\ifluatex.sty
Package: ifluatex 2019/10/25 v1.5 ifluatex legacy package. Use iftex instead.
) (C:\Users\pietrus\AppData\Local\Programs\MiKTeX\tex/latex/xkeyval\xkeyval.sty
Package: xkeyval 2014/12/03 v2.7a package option processing (HA)

(C:\Users\pietrus\AppData\Local\Programs\MiKTeX\tex/generic/xkeyval\xkeyval.tex

(C:\Users\pietrus\AppData\Local\Programs\MiKTeX\tex/generic/xkeyval\xkvutils.te
x
\XKV@toks=\toks26
\XKV@tempa@toks=\toks27
)
\XKV@depth=\count308
File: xkeyval.tex 2014/12/03 v2.7a key=value parser (HA)
))
(C:\Users\pietrus\AppData\Local\Programs\MiKTeX\tex/latex/base\textcomp.sty
Package: textcomp 2020/02/02 v2.0n Standard LaTeX package
)
(C:\Users\pietrus\AppData\Local\Programs\MiKTeX\tex/latex/base\fontenc.sty
Package: fontenc 2020/08/10 v2.0s Standard LaTeX package
)
(C:\Users\pietrus\AppData\Local\Programs\MiKTeX\tex/latex/fontaxes\fontaxes.sty
Package: fontaxes 2020/07/21 v1.0e Font selection axes
LaTeX Info: Redefining \upshape on input line 29.
LaTeX Info: Redefining \itshape on input line 31.
LaTeX Info: Redefining \slshape on input line 33.
LaTeX Info: Redefining \swshape on input line 35.
LaTeX Info: Redefining \scshape on input line 37.
LaTeX Info: Redefining \sscshape on input line 39.
LaTeX Info: Redefining \ulcshape on input line 41.
LaTeX Info: Redefining \textsw on input line 47.
LaTeX Info: Redefining \textssc on input line 48.
LaTeX Info: Redefining \textulc on input line 49.
)
LaTeX Info: Redefining \oldstylenums on input line 179.
LaTeX Info: Redefining \textsw on input line 187.
)
(C:\Users\pietrus\AppData\Local\Programs\MiKTeX\tex/latex/tex-gyre\tgtermes.sty
Package: tgtermes 2009/09/27 v1.2 TeX Gyre Termes as default roman family

(C:\Users\pietrus\AppData\Local\Programs\MiKTeX\tex/latex/kvoptions\kvoptions.s
ty
Package: kvoptions 2019/11/29 v3.13 Key value format for package options (HO)

(C:\Users\pietrus\AppData\Local\Programs\MiKTeX\tex/generic/ltxcmds\ltxcmds.sty
Package: ltxcmds 2020-05-10 v1.25 LaTeX kernel commands for general use (HO)
)
(C:\Users\pietrus\AppData\Local\Programs\MiKTeX\tex/generic/kvsetkeys\kvsetkeys
.sty
Package: kvsetkeys 2019/12/15 v1.18 Key value parser (HO)
)))
(C:\Users\pietrus\AppData\Local\Programs\MiKTeX\tex/latex/listings\listings.sty
\lst@mode=\count309
\lst@gtempboxa=\box52
\lst@token=\toks28
\lst@length=\count310
\lst@currlwidth=\dimen199
\lst@column=\count311
\lst@pos=\count312
\lst@lostspace=\dimen256
\lst@width=\dimen257
\lst@newlines=\count313
\lst@lineno=\count314
\lst@maxwidth=\dimen258
(C:\Users\pietrus\AppData\Local\Programs\MiKTeX\tex/latex/listings\lstmisc.sty
File: lstmisc.sty 2020/03/24 1.8d (Carsten Heinz)
\c@lstnumber=\count315
\lst@skipnumbers=\count316
\lst@framebox=\box53
)
(C:\Users\pietrus\AppData\Local\Programs\MiKTeX\tex/latex/listings\listings.cfg
File: listings.cfg 2020/03/24 1.8d listings configuration
))
Package: listings 2020/03/24 1.8d (Carsten Heinz)
 (C:\Users\pietrus\AppData\Local\Programs\MiKTeX\tex/latex/minted\minted.sty
Package: minted 2017/07/19 v2.5 Yet another Pygments shim for LaTeX

(C:\Users\pietrus\AppData\Local\Programs\MiKTeX\tex/latex/fvextra\fvextra.sty
Package: fvextra 2019/02/04 v1.4 fvextra - extensions and patches for fancyvrb

(C:\Users\pietrus\AppData\Local\Programs\MiKTeX\tex/latex/base\ifthen.sty
Package: ifthen 2014/09/29 v1.1c Standard LaTeX ifthen package (DPC)
)
(C:\Users\pietrus\AppData\Local\Programs\MiKTeX\tex/latex/etoolbox\etoolbox.sty
Package: etoolbox 2020/10/05 v2.5k e-TeX tools for LaTeX (JAW)
\etb@tempcnta=\count317
)
(C:\Users\pietrus\AppData\Local\Programs\MiKTeX\tex/latex/fancyvrb\fancyvrb.sty
Package: fancyvrb 2020/05/03 v3.6 verbatim text (tvz,hv)
\FV@CodeLineNo=\count318
\FV@InFile=\read4
\FV@TabBox=\box54
\c@FancyVerbLine=\count319
\FV@StepNumber=\count320
\FV@OutFile=\write4
) (C:\Users\pietrus\AppData\Local\Programs\MiKTeX\tex/latex/upquote\upquote.sty
Package: upquote 2012/04/19 v1.3 upright-quote and grave-accent glyphs in verba
tim
) (C:\Users\pietrus\AppData\Local\Programs\MiKTeX\tex/latex/lineno\lineno.sty
Package: lineno 2005/11/02 line numbers on paragraphs v4.41
\linenopenalty=\count321
\output=\toks29
\linenoprevgraf=\count322
\linenumbersep=\dimen259
\linenumberwidth=\dimen260
\c@linenumber=\count323
\c@pagewiselinenumber=\count324
\c@LN@truepage=\count325
\c@internallinenumber=\count326
\c@internallinenumbers=\count327
\quotelinenumbersep=\dimen261
\bframerule=\dimen262
\bframesep=\dimen263
\bframebox=\box55
LaTeX Info: Redefining \\ on input line 3056.
)
\c@FV@TrueTabGroupLevel=\count328
\c@FV@TrueTabCounter=\count329
\FV@TabBox@Group=\box56
\FV@TmpLength=\skip194
\c@FV@HighlightLinesStart=\count330
\c@FV@HighlightLinesStop=\count331
\FV@LoopCount=\count332
\FV@NCharsBox=\box57
\FV@BreakIndent=\dimen264
\FV@BreakIndentNChars=\count333
\FV@BreakSymbolSepLeft=\dimen265
\FV@BreakSymbolSepLeftNChars=\count334
\FV@BreakSymbolSepRight=\dimen266
\FV@BreakSymbolSepRightNChars=\count335
\FV@BreakSymbolIndentLeft=\dimen267
\FV@BreakSymbolIndentLeftNChars=\count336
\FV@BreakSymbolIndentRight=\dimen268
\FV@BreakSymbolIndentRightNChars=\count337
\c@FancyVerbLineBreakLast=\count338
\FV@LineBox=\box58
\FV@LineIndentBox=\box59
\FV@LineWidth=\dimen269
) (C:\Users\pietrus\AppData\Local\Programs\MiKTeX\tex/latex/tools\shellesc.sty
Package: shellesc 2019/11/08 v1.0c unified shell escape interface for LaTeX
Package shellesc Info: Unrestricted shell escape enabled on input line 75.
)
(C:\Users\pietrus\AppData\Local\Programs\MiKTeX\tex/latex/ifplatform\ifplatform
.sty
Package: ifplatform 2017/10/13 v0.4a Testing for the operating system

(C:\Users\pietrus\AppData\Local\Programs\MiKTeX\tex/generic/pdftexcmds\pdftexcm
ds.sty
Package: pdftexcmds 2020-06-27 v0.33 Utility functions of pdfTeX for LuaTeX (HO
)

(C:\Users\pietrus\AppData\Local\Programs\MiKTeX\tex/generic/infwarerr\infwarerr
.sty
Package: infwarerr 2019/12/03 v1.5 Providing info/warning/error messages (HO)
)
Package pdftexcmds Info: \pdf@primitive is available.
Package pdftexcmds Info: \pdf@ifprimitive is available.
Package pdftexcmds Info: \pdfdraftmode found.
)
(C:\Users\pietrus\AppData\Local\Programs\MiKTeX\tex/generic/catchfile\catchfile
.sty
Package: catchfile 2019/12/09 v1.8 Catch the contents of a file (HO)

(C:\Users\pietrus\AppData\Local\Programs\MiKTeX\tex/generic/etexcmds\etexcmds.s
ty
Package: etexcmds 2019/12/15 v1.7 Avoid name clashes with e-TeX commands (HO)
)))
(C:\Users\pietrus\AppData\Local\Programs\MiKTeX\tex/latex/xstring\xstring.sty
(C:\Users\pietrus\AppData\Local\Programs\MiKTeX\tex/generic/xstring\xstring.tex
\integerpart=\count339
\decimalpart=\count340
)
Package: xstring 2019/02/06 v1.83 String manipulations (CT)
) (C:\Users\pietrus\AppData\Local\Programs\MiKTeX\tex/latex/framed\framed.sty
Package: framed 2011/10/22 v 0.96: framed or shaded text with page breaks
\OuterFrameSep=\skip195
\fb@frw=\dimen270
\fb@frh=\dimen271
) (C:\Users\pietrus\AppData\Local\Programs\MiKTeX\tex/latex/float\float.sty
Package: float 2001/11/08 v1.3d Float enhancements (AL)
\c@float@type=\count341
\float@exts=\toks30
\float@box=\box60
\@float@everytoks=\toks31
\@floatcapt=\box61
)
\minted@appexistsfile=\read5
\minted@bgbox=\box62
\minted@code=\write5
\c@minted@FancyVerbLineTemp=\count342
\c@minted@pygmentizecounter=\count343
\@float@every@listing=\toks32
\c@listing=\count344
)
runsystem(if not exist _minted-Dyplom mkdir _minted-Dyplom)...executed.

\c@loldepth=\count345


******************************************************
Stock height and width: 845.04684pt by 597.50787pt
Top and edge trims: 0pt and 0pt
Page height and width: 845.04684pt by 597.50787pt
Text height and width: 726.71497pt by 455pt
Spine and edge margins: 71.13188pt and 71.13188pt
Upper and lower margins: 52.05275pt and 66.27913pt
Headheight and headsep: 13.6pt and 10pt
Footskip: 23.6pt
Columnsep and columnseprule: 10pt and 0pt
Marginparsep and marginparwidth: 5.69054pt and 59.75081pt
Sidecapsep and sidecapwidth: 7pt and 42pt
Sidebarhsep and sidebarwidth: 7pt and 42pt
Sidebarvsep and sidebartopsep: 14.5pt and 0pt
Sidebarheight: 590.14995pt
Sidefoothsep and sidefootwidth: 7pt and 42pt
Sidefootvsep and sidefootheight: 14.5pt and 590.14995pt
******************************************************

(memlays.sty
Package: memlays 2002/08/10 v1.0 Extra membook layouts

(C:\Users\pietrus\AppData\Local\Programs\MiKTeX\tex/latex/layouts\layouts.sty
Package: layouts 2009/09/02 v2.6d graphical depiction of document elements
\l@ylen=\skip196
\layoutsbox=\box63
\l@youtunitlength=\skip197
\l@youtlinethick=\skip198
\l@youtlinethickii=\skip199
\l@ysetupparskip=\skip256
\l@ysetupbaselineskip=\skip257
\l@yonem=\skip258
\l@yonex=\skip259
\l@ylmarg=\skip260
\l@yrmarg=\skip261
\l@yitmindent=\skip262
\l@ylblwidth=\skip263
\l@ylblsep=\skip264
\l@ylparindent=\skip265
\l@ytsep=\skip266
\l@ypskip=\skip267
\l@yptsep=\skip268
\l@ypsep=\skip269
\l@yitmsep=\skip270
\l@ytok=\toks33
\l@youtpw=\count346
\l@youtph=\count347
\l@youthpi=\count348
\l@youthpii=\count349
\l@youthpiii=\count350
\l@youthpiv=\count351
\l@youthpv=\count352
\l@youthpvi=\count353
\l@youthpvii=\count354
\l@youtparskip=\count355
\l@youtvpi=\count356
\l@youtvpii=\count357
\l@youtvpiii=\count358
\l@youtvpiv=\count359
\l@youtvpv=\count360
\l@youtvpvi=\count361
\l@youtvpvii=\count362
\l@youthdo=\count363
\l@youthdi=\count364
\l@youthdii=\count365
\l@youthdiii=\count366
\l@youthdiv=\count367
\l@youthdv=\count368
\l@youthdvi=\count369
\l@youthdvii=\count370
\l@youtvdo=\count371
\l@youtvdi=\count372
\l@youtvdii=\count373
\l@youtvdiii=\count374
\l@youtvdiv=\count375
\l@youtvdv=\count376
\l@youtvdvi=\count377
\l@youtvdvii=\count378
\l@youtvdviii=\count379
\l@youtxci=\count380
\l@youtxcii=\count381
\l@youtxciii=\count382
\l@youtxciv=\count383
\l@youtxcv=\count384
\l@youtxcvi=\count385
\l@youtyci=\count386
\l@youtycii=\count387
\l@youtyciii=\count388
\l@youtyciv=\count389
\l@youtycv=\count390
\l@youtycvi=\count391
\l@youtycvii=\count392
\l@youtycviii=\count393
\l@youtxco=\count394
\l@youtyco=\count395
\l@ytempdima=\skip271
))
(C:\Users\pietrus\AppData\Local\Programs\MiKTeX\tex/latex/printlen\printlen.sty
Package: printlen 2009/09/03 v1.1a print lengths with units
)
(C:\Users\pietrus\AppData\Local\Programs\MiKTeX\tex/latex/enumitem\enumitem.sty
Package: enumitem 2019/06/20 v3.9 Customized lists
\labelindent=\skip272
\enit@outerparindent=\dimen272
\enit@toks=\toks34
\enit@inbox=\box64
\enit@count@id=\count396
\enitdp@description=\count397
)
(C:\Users\pietrus\AppData\Local\Programs\MiKTeX\tex/latex/imakeidx\imakeidx.sty
Package: imakeidx 2016/10/15 v1.3e Package for typesetting indices in a synchro
nous mode
(C:\Users\pietrus\AppData\Local\Programs\MiKTeX\tex/latex/tools\multicol.sty
Package: multicol 2019/12/09 v1.8y multicolumn formatting (FMi)
\c@tracingmulticols=\count398
\mult@box=\box65
\multicol@leftmargin=\dimen273
\c@unbalance=\count399
\c@collectmore=\count400
\doublecol@number=\count401
\multicoltolerance=\count402
\multicolpretolerance=\count403
\full@width=\dimen274
\page@free=\dimen275
\premulticols=\dimen276
\postmulticols=\dimen277
\multicolsep=\skip273
\multicolbaselineskip=\skip274
\partial@page=\box66
\last@line=\box67
\maxbalancingoverflow=\dimen278
\mult@rightbox=\box68
\mult@grightbox=\box69
\mult@gfirstbox=\box70
\mult@firstbox=\box71
\@tempa=\box72
\@tempa=\box73
\@tempa=\box74
\@tempa=\box75
\@tempa=\box76
\@tempa=\box77
\@tempa=\box78
\@tempa=\box79
\@tempa=\box80
\@tempa=\box81
\@tempa=\box82
\@tempa=\box83
\@tempa=\box84
\@tempa=\box85
\@tempa=\box86
\@tempa=\box87
\@tempa=\box88
\@tempa=\box89
\@tempa=\box90
\@tempa=\box91
\@tempa=\box92
\@tempa=\box93
\@tempa=\box94
\@tempa=\box95
\@tempa=\box96
\@tempa=\box97
\@tempa=\box98
\@tempa=\box99
\@tempa=\box100
\@tempa=\box101
\@tempa=\box102
\@tempa=\box103
\@tempa=\box104
\@tempa=\box105
\@tempa=\box106
\@tempa=\box107
\@tempa=\box108
\c@minrows=\count404
\c@columnbadness=\count405
\c@finalcolumnbadness=\count406
\last@try=\dimen279
\multicolovershoot=\dimen280
\multicolundershoot=\dimen281
\mult@nat@firstbox=\box109
\colbreak@box=\box110
\mc@col@check@num=\count407
))
(C:\Users\pietrus\AppData\Local\Programs\MiKTeX\tex/generic/iftex\ifpdf.sty
Package: ifpdf 2019/10/25 v3.4 ifpdf legacy package. Use iftex instead.
)
(C:\Users\pietrus\AppData\Local\Programs\MiKTeX\tex/latex/hyperref\hyperref.sty
Package: hyperref 2020-05-15 v7.00e Hypertext links for LaTeX

(C:\Users\pietrus\AppData\Local\Programs\MiKTeX\tex/generic/kvdefinekeys\kvdefi
nekeys.sty
Package: kvdefinekeys 2019-12-19 v1.6 Define keys (HO)
)
(C:\Users\pietrus\AppData\Local\Programs\MiKTeX\tex/generic/pdfescape\pdfescape
.sty
Package: pdfescape 2019/12/09 v1.15 Implements pdfTeX's escape features (HO)
)
(C:\Users\pietrus\AppData\Local\Programs\MiKTeX\tex/latex/hycolor\hycolor.sty
Package: hycolor 2020-01-27 v1.10 Color options for hyperref/bookmark (HO)
)
(C:\Users\pietrus\AppData\Local\Programs\MiKTeX\tex/latex/letltxmacro\letltxmac
ro.sty
Package: letltxmacro 2019/12/03 v1.6 Let assignment for LaTeX macros (HO)
)
(C:\Users\pietrus\AppData\Local\Programs\MiKTeX\tex/latex/auxhook\auxhook.sty
Package: auxhook 2019-12-17 v1.6 Hooks for auxiliary files (HO)
)
\@linkdim=\dimen282
\Hy@linkcounter=\count408
\Hy@pagecounter=\count409

(C:\Users\pietrus\AppData\Local\Programs\MiKTeX\tex/latex/hyperref\pd1enc.def
File: pd1enc.def 2020-05-15 v7.00e Hyperref: PDFDocEncoding definition (HO)
Now handling font encoding PD1 ...
... no UTF-8 mapping file for font encoding PD1
)
(C:\Users\pietrus\AppData\Local\Programs\MiKTeX\tex/generic/intcalc\intcalc.sty
Package: intcalc 2019/12/15 v1.3 Expandable calculations with integers (HO)
)
\Hy@SavedSpaceFactor=\count410
Package hyperref Info: Option `bookmarks' set `true' on input line 4338.
Package hyperref Info: Option `breaklinks' set `true' on input line 4338.
Package hyperref Info: Option `unicode' set `true' on input line 4338.
 (C:\Users\pietrus\AppData\Local\Programs\MiKTeX\tex/latex/hyperref\puenc.def
File: puenc.def 2020-05-15 v7.00e Hyperref: PDF Unicode definition (HO)
Now handling font encoding PU ...
... no UTF-8 mapping file for font encoding PU
)
Package hyperref Info: Hyper figures OFF on input line 4464.
Package hyperref Info: Link nesting OFF on input line 4469.
Package hyperref Info: Hyper index ON on input line 4472.
Package hyperref Info: Plain pages OFF on input line 4479.
Package hyperref Info: Backreferencing OFF on input line 4484.
Package hyperref Info: Implicit mode ON; LaTeX internals redefined.
Package hyperref Info: Bookmarks ON on input line 4717.
\c@Hy@tempcnt=\count411
(C:\Users\pietrus\AppData\Local\Programs\MiKTeX\tex/latex/url\url.sty
\Urlmuskip=\muskip16
Package: url 2013/09/16  ver 3.4  Verb mode for urls, etc.
)
LaTeX Info: Redefining \url on input line 5076.
\XeTeXLinkMargin=\dimen283

(C:\Users\pietrus\AppData\Local\Programs\MiKTeX\tex/generic/bitset\bitset.sty
Package: bitset 2019/12/09 v1.3 Handle bit-vector datatype (HO)

(C:\Users\pietrus\AppData\Local\Programs\MiKTeX\tex/generic/bigintcalc\bigintca
lc.sty
Package: bigintcalc 2019/12/15 v1.5 Expandable calculations on big integers (HO
)
))
\Fld@menulength=\count412
\Field@Width=\dimen284
\Fld@charsize=\dimen285
Package hyperref Info: Hyper figures OFF on input line 6347.
Package hyperref Info: Link nesting OFF on input line 6352.
Package hyperref Info: Hyper index ON on input line 6355.
Package hyperref Info: backreferencing OFF on input line 6362.
Package hyperref Info: Link coloring OFF on input line 6367.
Package hyperref Info: Link coloring with OCG OFF on input line 6372.
Package hyperref Info: PDF/A mode OFF on input line 6377.
LaTeX Info: Redefining \ref on input line 6417.
LaTeX Info: Redefining \pageref on input line 6421.

(C:\Users\pietrus\AppData\Local\Programs\MiKTeX\tex/latex/base\atbegshi-ltx.sty
Package: atbegshi-ltx 2020/08/17 v1.0a Emulation of the original atbegshi packa
ge
with kernel methods
)
\Hy@abspage=\count413
\c@Item=\count414
\c@Hfootnote=\count415
)
(C:\Users\pietrus\AppData\Local\Programs\MiKTeX\tex/latex/memoir\memhfixc.sty
Package: memhfixc 2019/10/24 v1.18 nameref/hyperref package fixes for memoir cl
ass
\c@memhycontfloat=\count416
\c@Hpagenote=\count417
)
Package hyperref Info: Driver: hpdftex.

(C:\Users\pietrus\AppData\Local\Programs\MiKTeX\tex/latex/hyperref\hpdftex.def
File: hpdftex.def 2020-05-15 v7.00e Hyperref driver for pdfTeX

(C:\Users\pietrus\AppData\Local\Programs\MiKTeX\tex/latex/base\atveryend-ltx.st
y
Package: atveryend-ltx 2020/08/19 v1.0a Emulation of the original atvery packag
e
with kernel methods
)
\Fld@listcount=\count418
\c@bookmark@seq@number=\count419

(C:\Users\pietrus\AppData\Local\Programs\MiKTeX\tex/latex/rerunfilecheck\rerunf
ilecheck.sty
Package: rerunfilecheck 2019/12/05 v1.9 Rerun checks for auxiliary files (HO)

(C:\Users\pietrus\AppData\Local\Programs\MiKTeX\tex/generic/uniquecounter\uniqu
ecounter.sty
Package: uniquecounter 2019/12/15 v1.4 Provide unlimited unique counter (HO)
)
Package uniquecounter Info: New unique counter `rerunfilecheck' on input line 2
86.
)
\Hy@SectionHShift=\skip275
)
(C:\Users\pietrus\AppData\Local\Programs\MiKTeX\tex/latex/graphics\graphicx.sty
Package: graphicx 2020/09/09 v1.2b Enhanced LaTeX Graphics (DPC,SPQR)

(C:\Users\pietrus\AppData\Local\Programs\MiKTeX\tex/latex/graphics\graphics.sty
Package: graphics 2020/08/30 v1.4c Standard LaTeX Graphics (DPC,SPQR)
(C:\Users\pietrus\AppData\Local\Programs\MiKTeX\tex/latex/graphics\trig.sty
Package: trig 2016/01/03 v1.10 sin cos tan (DPC)
)
(C:\Users\pietrus\AppData\Local\Programs\MiKTeX\tex/latex/graphics-cfg\graphics
.cfg
File: graphics.cfg 2016/06/04 v1.11 sample graphics configuration
)
Package graphics Info: Driver file: pdftex.def on input line 105.
)
\Gin@req@height=\dimen286
\Gin@req@width=\dimen287
)
runsystem(for ^%i in (pygmentize.exe pygmentize.bat pygmentize.cmd) do set > Dy
plom.aex <nul: /p x=^%~$PATH:i>> Dyplom.aex)...executed.

runsystem(del Dyplom.aex)...executed.

LaTeX Font Info:    Trying to load font information for T1+qtm on input line 69
8.

(C:\Users\pietrus\AppData\Local\Programs\MiKTeX\tex/latex/tex-gyre\t1qtm.fd
File: t1qtm.fd 2009/09/25 v1.2 font definition file for T1/qtm
)
(C:\Users\pietrus\AppData\Local\Programs\MiKTeX\tex/latex/l3backend\l3backend-p
dftex.def
File: l3backend-pdftex.def 2020-09-24 L3 backend support: PDF output (pdfTeX)
\l__kernel_color_stack_int=\count420
\l__pdf_internal_box=\box111
) (Dyplom.aux (rozdzial01.aux) (rozdzial02.aux) (rozdzial03.aux)
(rozdzial04.aux) (rozdzial05.aux) (rozdzial06.aux) (rozdzial07.aux)
(rozdzial08.aux) (bibliografia.aux))
\openout1 = `Dyplom.aux'.

LaTeX Font Info:    Checking defaults for OML/cmm/m/it on input line 698.
LaTeX Font Info:    ... okay on input line 698.
LaTeX Font Info:    Checking defaults for OMS/cmsy/m/n on input line 698.
LaTeX Font Info:    ... okay on input line 698.
LaTeX Font Info:    Checking defaults for OT1/cmr/m/n on input line 698.
LaTeX Font Info:    ... okay on input line 698.
LaTeX Font Info:    Checking defaults for T1/cmr/m/n on input line 698.
LaTeX Font Info:    ... okay on input line 698.
LaTeX Font Info:    Checking defaults for TS1/cmr/m/n on input line 698.
LaTeX Font Info:    ... okay on input line 698.
LaTeX Font Info:    Checking defaults for OMX/cmex/m/n on input line 698.
LaTeX Font Info:    ... okay on input line 698.
LaTeX Font Info:    Checking defaults for U/cmr/m/n on input line 698.
LaTeX Font Info:    ... okay on input line 698.
LaTeX Font Info:    Checking defaults for PD1/pdf/m/n on input line 698.
LaTeX Font Info:    ... okay on input line 698.
LaTeX Font Info:    Checking defaults for PU/pdf/m/n on input line 698.
LaTeX Font Info:    ... okay on input line 698.

(C:\Users\pietrus\AppData\Local\Programs\MiKTeX\tex/context/base/mkii\supp-pdf.
mkii
[Loading MPS to PDF converter (version 2006.09.02).]
\scratchcounter=\count421
\scratchdimen=\dimen288
\scratchbox=\box112
\nofMPsegments=\count422
\nofMParguments=\count423
\everyMPshowfont=\toks35
\MPscratchCnt=\count424
\MPscratchDim=\dimen289
\MPnumerator=\count425
\makeMPintoPDFobject=\count426
\everyMPtoPDFconversion=\toks36
)
(C:\Users\pietrus\AppData\Local\Programs\MiKTeX\tex/latex/epstopdf-pkg\epstopdf
-base.sty
Package: epstopdf-base 2020-01-24 v2.11 Base part for package epstopdf

(C:\Users\pietrus\AppData\Local\Programs\MiKTeX\tex/latex/grfext\grfext.sty
Package: grfext 2019/12/03 v1.3 Manage graphics extensions (HO)
)
Package epstopdf-base Info: Redefining graphics rule for `.eps' on input line 4
85.
Package grfext Info: Graphics extension search list:
(grfext)             [.pdf,.jpg,.mps,.png,.eps]
(grfext)             \AppendGraphicsExtensions on input line 504.
)
Package caption Info: Begin \AtBeginDocument code.
Package caption Info: float package is loaded.
Package caption Info: hyperref package is loaded.
Package caption Info: listings package is loaded.
Package caption Info: End \AtBeginDocument code.
\c@mv@tabular=\count427
\c@mv@boldtabular=\count428
\c@lstlisting=\count429


Package layouts Warning: Layout scale set to 0.5 on input line 698.

Package hyperref Info: Link coloring OFF on input line 698.
(C:\Users\pietrus\AppData\Local\Programs\MiKTeX\tex/latex/hyperref\nameref.sty
Package: nameref 2019/09/16 v2.46 Cross-referencing by name of section

(C:\Users\pietrus\AppData\Local\Programs\MiKTeX\tex/latex/refcount\refcount.sty
Package: refcount 2019/12/15 v3.6 Data extraction from label references (HO)
)
(C:\Users\pietrus\AppData\Local\Programs\MiKTeX\tex/generic/gettitlestring\gett
itlestring.sty
Package: gettitlestring 2019/12/15 v1.6 Cleanup title references (HO)
)
\c@section@level=\count430
)
Redoing nameref's sectioning
Redoing nameref's label
LaTeX Info: Redefining \nameref on input line 698.
LaTeX Info: Redefining \ref on input line 698.
LaTeX Info: Redefining \pageref on input line 698.
LaTeX Info: Redefining \nameref on input line 698.
(Dyplom.out) (Dyplom.out)
\@outlinefile=\write6
\openout6 = `Dyplom.out'.

LaTeX Font Info:    Trying to load font information for T1+EBGaramond-OsF on in
put line 707.

(C:\Users\pietrus\AppData\Local\Programs\MiKTeX\tex/latex/ebgaramond\t1ebgaramo
nd-osf.fd
File: T1EBGaramond-OsF.fd 2019/10/22 (autoinst) Font definitions for T1/EBGaram
ond-OsF.
)
LaTeX Font Info:    Font shape `T1/EBGaramond-OsF/m/n' in size <12> not availab
le
(Font)              Font shape `T1/EBGaramond-OsF/regular/n' tried instead on i
nput line 707.
LaTeX Font Info:    Font shape `T1/EBGaramond-OsF/regular/n' will be
(Font)              scaled to size 12.0pt on input line 707.
\tmpfboxrule=\skip276
LaTeX Font Info:    Font shape `T1/EBGaramond-OsF/m/n' in size <16> not availab
le
(Font)              Font shape `T1/EBGaramond-OsF/regular/n' tried instead on i
nput line 707.
LaTeX Font Info:    Font shape `T1/EBGaramond-OsF/regular/n' will be
(Font)              scaled to size 16.0pt on input line 707.
LaTeX Font Info:    Font shape `T1/EBGaramond-OsF/m/n' in size <14> not availab
le
(Font)              Font shape `T1/EBGaramond-OsF/regular/n' tried instead on i
nput line 707.
LaTeX Font Info:    Font shape `T1/EBGaramond-OsF/regular/n' will be
(Font)              scaled to size 14.0pt on input line 707.
LaTeX Font Info:    Trying to load font information for OT1+lmr on input line 7
07.

(C:\Users\pietrus\AppData\Local\Programs\MiKTeX\tex/latex/lm\ot1lmr.fd
File: ot1lmr.fd 2009/10/30 v1.6 Font defs for Latin Modern
)
LaTeX Font Info:    Trying to load font information for OML+lmm on input line 7
07.

(C:\Users\pietrus\AppData\Local\Programs\MiKTeX\tex/latex/lm\omllmm.fd
File: omllmm.fd 2009/10/30 v1.6 Font defs for Latin Modern
)
LaTeX Font Info:    Trying to load font information for OMS+lmsy on input line 
707.

(C:\Users\pietrus\AppData\Local\Programs\MiKTeX\tex/latex/lm\omslmsy.fd
File: omslmsy.fd 2009/10/30 v1.6 Font defs for Latin Modern
)
LaTeX Font Info:    Trying to load font information for OMX+lmex on input line 
707.

(C:\Users\pietrus\AppData\Local\Programs\MiKTeX\tex/latex/lm\omxlmex.fd
File: omxlmex.fd 2009/10/30 v1.6 Font defs for Latin Modern
)
LaTeX Font Info:    External font `lmex10' loaded for size
(Font)              <12> on input line 707.
LaTeX Font Info:    External font `lmex10' loaded for size
(Font)              <8> on input line 707.
LaTeX Font Info:    External font `lmex10' loaded for size
(Font)              <6> on input line 707.
LaTeX Font Info:    Font shape `T1/EBGaramond-OsF/m/n' in size <22> not availab
le
(Font)              Font shape `T1/EBGaramond-OsF/regular/n' tried instead on i
nput line 707.
LaTeX Font Info:    Font shape `T1/EBGaramond-OsF/regular/n' will be
(Font)              scaled to size 22.0pt on input line 707.
LaTeX Font Info:    Calculating math sizes for size <14> on input line 707.
LaTeX Font Info:    External font `lmex10' loaded for size
(Font)              <14> on input line 707.
LaTeX Font Info:    External font `lmex10' loaded for size
(Font)              <9.79996> on input line 707.
LaTeX Font Info:    External font `lmex10' loaded for size
(Font)              <7> on input line 707.
LaTeX Font Info:    Font shape `T1/EBGaramond-OsF/m/n' in size <32> not availab
le
(Font)              Font shape `T1/EBGaramond-OsF/regular/n' tried instead on i
nput line 707.
LaTeX Font Info:    Font shape `T1/EBGaramond-OsF/regular/n' will be
(Font)              scaled to size 32.0pt on input line 707.

Overfull \hbox (14.5pt too wide) in paragraph at lines 707--707
[][]
 []


Class memoir Warning: The material used in the headers is too large
(14.49998pt) for the given head height (13.6pt), it is recommended to
either increase the head height or redesign the header
(in both cases you will find help in the memoir manual). on input line 707.


Overfull \vbox (0.89998pt too high) has occurred while \output is active []


[1

{C:/Users/pietrus/AppData/Local/MiKTeX/pdftex/config/pdftex.map}] (Dyplom.toc
Overfull \vbox (0.89998pt too high) has occurred while \output is active []


[2

])
Overfull \vbox (0.89998pt too high) has occurred while \output is active []


[3]
Overfull \vbox (0.89998pt too high) has occurred while \output is active []


[4]
\openout2 = `rozdzial01.aux'.

 (rozdzial01.tex
<rys01/ligspace.png, id=238, 454.69875pt x 220.57407pt>
File: rys01/ligspace.png Graphic file (type png)
<use rys01/ligspace.png>
Package pdftex.def Info: rys01/ligspace.png  used on input line 12.
(pdftex.def)             Requested size: 318.49861pt x 154.50511pt.

Overfull \vbox (0.89998pt too high) has occurred while \output is active []


[5


 <./rys01/ligspace.png>]
<rys01/ligspaceopis.png, id=249, 457.71pt x 353.82187pt>
File: rys01/ligspaceopis.png Graphic file (type png)
<use rys01/ligspaceopis.png>
Package pdftex.def Info: rys01/ligspaceopis.png  used on input line 26.
(pdftex.def)             Requested size: 227.5pt x 175.86311pt.
<rys01/ligspacebrzeskaliga.png, id=250, 741.52031pt x 703.87968pt>
File: rys01/ligspacebrzeskaliga.png Graphic file (type png)
<use rys01/ligspacebrzeskaliga.png>
Package pdftex.def Info: rys01/ligspacebrzeskaliga.png  used on input line 32.
(pdftex.def)             Requested size: 318.49861pt x 302.3294pt.

Underfull \hbox (badness 10000) in paragraph at lines 40--41

 []

<rys01/fibalivestats.png, id=253, 674.52pt x 380.17032pt>
File: rys01/fibalivestats.png Graphic file (type png)
<use rys01/fibalivestats.png>
Package pdftex.def Info: rys01/fibalivestats.png  used on input line 44.
(pdftex.def)             Requested size: 409.49722pt x 230.80138pt.

Overfull \vbox (0.89998pt too high) has occurred while \output is active []


[6 <./rys01/ligspaceopis.png> <./rys01/ligspacebrzeskaliga.png>]
<rys01/fibalivestatsfeatures.png, id=262, 679.78969pt x 191.9672pt>
File: rys01/fibalivestatsfeatures.png Graphic file (type png)
<use rys01/fibalivestatsfeatures.png>
Package pdftex.def Info: rys01/fibalivestatsfeatures.png  used on input line 51
.
(pdftex.def)             Requested size: 455.0pt x 128.48846pt.

Overfull \vbox (0.89998pt too high) has occurred while \output is active []


[7 <./rys01/fibalivestats.png> <./rys01/fibalivestatsfeatures.png>]
<rys01/dalkstronaglowna.png, id=273, 1444.64719pt x 395.22656pt>
File: rys01/dalkstronaglowna.png Graphic file (type png)
<use rys01/dalkstronaglowna.png>
Package pdftex.def Info: rys01/dalkstronaglowna.png  used on input line 65.
(pdftex.def)             Requested size: 455.0pt x 124.47893pt.
<rys01/dalkstatystykizawodnikow.png, id=274, 877.77937pt x 292.84406pt>
File: rys01/dalkstatystykizawodnikow.png Graphic file (type png)
<use rys01/dalkstatystykizawodnikow.png>
Package pdftex.def Info: rys01/dalkstatystykizawodnikow.png  used on input line
 75.
(pdftex.def)             Requested size: 455.0pt x 151.7972pt.
)
Overfull \vbox (0.89998pt too high) has occurred while \output is active []


[8 <./rys01/dalkstronaglowna.png> <./rys01/dalkstatystykizawodnikow.png>]
\openout2 = `rozdzial02.aux'.


(rozdzial02.tex)
Overfull \vbox (0.89998pt too high) has occurred while \output is active []


[9




]
\openout2 = `rozdzial03.aux'.

 (rozdzial03.tex)
Overfull \vbox (0.89998pt too high) has occurred while \output is active []


[10




]
\openout2 = `rozdzial04.aux'.

 (rozdzial04.tex
<rys04/ogolny-schemat-dotnet.png, id=295, 371.3875pt x 493.845pt>
File: rys04/ogolny-schemat-dotnet.png Graphic file (type png)
<use rys04/ogolny-schemat-dotnet.png>
Package pdftex.def Info: rys04/ogolny-schemat-dotnet.png  used on input line 18
.
(pdftex.def)             Requested size: 318.49861pt x 423.52287pt.

Overfull \vbox (0.89998pt too high) has occurred while \output is active []


[11




]
Underfull \hbox (badness 10000) in paragraph at lines 24--26

 []


Overfull \vbox (0.89998pt too high) has occurred while \output is active []


[12 <./rys04/ogolny-schemat-dotnet.png>]
Underfull \hbox (badness 10000) in paragraph at lines 30--33

 []


Underfull \hbox (badness 10000) in paragraph at lines 37--39

 []

)
Overfull \vbox (0.89998pt too high) has occurred while \output is active []


[13]
\openout2 = `rozdzial05.aux'.

 (rozdzial05.tex
<rys05/webappschema.png, id=325, 663.22781pt x 277.78781pt>
File: rys05/webappschema.png Graphic file (type png)
<use rys05/webappschema.png>
Package pdftex.def Info: rys05/webappschema.png  used on input line 6.
(pdftex.def)             Requested size: 318.49861pt x 133.40019pt.
<rys05/cleanCodeDiagram.png, id=329, 716.6775pt x 716.6775pt>
File: rys05/cleanCodeDiagram.png Graphic file (type png)
<use rys05/cleanCodeDiagram.png>
Package pdftex.def Info: rys05/cleanCodeDiagram.png  used on input line 16.
(pdftex.def)             Requested size: 136.50139pt x 136.4982pt.

Overfull \vbox (0.89998pt too high) has occurred while \output is active []


[14




 <./rys05/webappschema.png> <./rys05/cleanCodeDiagram.png>]
<rys05/domainTree.png, id=341, 162.6075pt x 399.74344pt>
File: rys05/domainTree.png Graphic file (type png)
<use rys05/domainTree.png>
Package pdftex.def Info: rys05/domainTree.png  used on input line 32.
(pdftex.def)             Requested size: 136.50139pt x 335.5931pt.
<rys05/persistanceTree.png, id=342, 188.20313pt x 406.51875pt>
File: rys05/persistanceTree.png Graphic file (type png)
<use rys05/persistanceTree.png>
Package pdftex.def Info: rys05/persistanceTree.png  used on input line 38.
(pdftex.def)             Requested size: 159.2493pt x 344.00423pt.

Overfull \vbox (0.89998pt too high) has occurred while \output is active []


[15 <./rys05/domainTree.png> <./rys05/persistanceTree.png>]
<rys05/divisionCQRS.png, id=352, 228.10219pt x 177.66376pt>
File: rys05/divisionCQRS.png Graphic file (type png)
<use rys05/divisionCQRS.png>
Package pdftex.def Info: rys05/divisionCQRS.png  used on input line 52.
(pdftex.def)             Requested size: 227.5pt x 177.19974pt.
<rys05/applicationTree.png, id=353, 156.585pt x 395.22656pt>
File: rys05/applicationTree.png Graphic file (type png)
<use rys05/applicationTree.png>
Package pdftex.def Info: rys05/applicationTree.png  used on input line 61.
(pdftex.def)             Requested size: 136.50139pt x 344.54388pt.

Overfull \vbox (0.89998pt too high) has occurred while \output is active []


[16 <./rys05/divisionCQRS.png> <./rys05/applicationTree.png>]
<rys05/infrastructureTree.png, id=361, 150.5625pt x 134.75343pt>
File: rys05/infrastructureTree.png Graphic file (type png)
<use rys05/infrastructureTree.png>
Package pdftex.def Info: rys05/infrastructureTree.png  used on input line 71.
(pdftex.def)             Requested size: 136.50139pt x 122.17961pt.
<rys05/apiTree.png, id=362, 178.41656pt x 490.08093pt>
File: rys05/apiTree.png Graphic file (type png)
<use rys05/apiTree.png>
Package pdftex.def Info: rys05/apiTree.png  used on input line 81.
(pdftex.def)             Requested size: 113.75pt x 312.45424pt.

Overfull \vbox (0.89998pt too high) has occurred while \output is active []


[17 <./rys05/infrastructureTree.png> <./rys05/apiTree.png>]
<rys05/dev-workflow.png, id=372, 752.8125pt x 133.49875pt>
File: rys05/dev-workflow.png Graphic file (type png)
<use rys05/dev-workflow.png>
Package pdftex.def Info: rys05/dev-workflow.png  used on input line 96.
(pdftex.def)             Requested size: 318.49861pt x 56.48259pt.
<rys05/databaseschema.png, id=378, 5759.01563pt x 3887.52374pt>
File: rys05/databaseschema.png Graphic file (type png)
<use rys05/databaseschema.png>
Package pdftex.def Info: rys05/databaseschema.png  used on input line 112.
(pdftex.def)             Requested size: 5759.00166pt x 3887.51431pt.
<rys05/playerdatabaseschema.png, id=379, 3290.54344pt x 3473.47687pt>
File: rys05/playerdatabaseschema.png Graphic file (type png)
<use rys05/playerdatabaseschema.png>
Package pdftex.def Info: rys05/playerdatabaseschema.png  used on input line 120
.
(pdftex.def)             Requested size: 455.0pt x 480.29436pt.

Overfull \vbox (0.89998pt too high) has occurred while \output is active []


[18 <./rys05/dev-workflow.png>]
Overfull \vbox (0.89998pt too high) has occurred while \output is active []


[19 <./rys05/databaseschema.png>]
Overfull \vbox (0.89998pt too high) has occurred while \output is active []


[20 <./rys05/playerdatabaseschema.png>]
<rys05/userdatabaseschema.png, id=400, 1577.895pt x 2204.235pt>
File: rys05/userdatabaseschema.png Graphic file (type png)
<use rys05/userdatabaseschema.png>
Package pdftex.def Info: rys05/userdatabaseschema.png  used on input line 127.
(pdftex.def)             Requested size: 227.5pt x 317.77284pt.
)
Overfull \vbox (0.89998pt too high) has occurred while \output is active []


[21 <./rys05/userdatabaseschema.png>]
\openout2 = `rozdzial06.aux'.

 (rozdzial06.tex
(C:\Users\pietrus\AppData\Local\Programs\MiKTeX\tex/latex/listings\lstlang1.sty
File: lstlang1.sty 2020/03/24 1.8d listings language file
)
LaTeX Font Info:    Trying to load font information for T1+txtt on input line 1
1.
 (C:\Users\pietrus\AppData\Local\Programs\MiKTeX\tex/latex/txfonts\t1txtt.fd
File: t1txtt.fd 2000/12/15 v3.1
)
LaTeX Font Info:    External font `lmex10' loaded for size
(Font)              <10> on input line 12.
LaTeX Font Info:    External font `lmex10' loaded for size
(Font)              <5> on input line 12.

Overfull \vbox (0.89998pt too high) has occurred while \output is active []


[22




]
Overfull \vbox (0.89998pt too high) has occurred while \output is active []


[23]
Overfull \vbox (0.89998pt too high) has occurred while \output is active []


[24]
Overfull \vbox (0.89998pt too high) has occurred while \output is active []


[25]
Overfull \vbox (0.89998pt too high) has occurred while \output is active []


[26]
Overfull \vbox (0.89998pt too high) has occurred while \output is active []


[27]
Overfull \vbox (0.89998pt too high) has occurred while \output is active []


[28]
Overfull \vbox (0.89998pt too high) has occurred while \output is active []


[29]
Overfull \vbox (0.89998pt too high) has occurred while \output is active []


[30])
Overfull \vbox (0.89998pt too high) has occurred while \output is active []


[31]
\openout2 = `rozdzial07.aux'.

 (rozdzial07.tex
<rys07/homepage.png, id=816, 680.5425pt x 475.7775pt>
File: rys07/homepage.png Graphic file (type png)
<use rys07/homepage.png>
Package pdftex.def Info: rys07/homepage.png  used on input line 10.
(pdftex.def)             Requested size: 163.7995pt x 114.51561pt.
<rys07/homepagelogged.png, id=817, 682.80093pt x 475.7775pt>
File: rys07/homepagelogged.png Graphic file (type png)
<use rys07/homepagelogged.png>
Package pdftex.def Info: rys07/homepagelogged.png  used on input line 16.
(pdftex.def)             Requested size: 163.7995pt x 114.13084pt.
<rys07/loginmodal.png, id=820, 449.42906pt x 185.94469pt>
File: rys07/loginmodal.png Graphic file (type png)
<use rys07/loginmodal.png>
Package pdftex.def Info: rys07/loginmodal.png  used on input line 31.
(pdftex.def)             Requested size: 182.00069pt x 75.29866pt.
<rys07/registermodal.png, id=821, 450.9347pt x 272.51813pt>
File: rys07/registermodal.png Graphic file (type png)
<use rys07/registermodal.png>
Package pdftex.def Info: rys07/registermodal.png  used on input line 37.
(pdftex.def)             Requested size: 182.00069pt x 109.99083pt.
<rys07/navbaruser.png, id=823, 1049.42062pt x 48.18pt>
File: rys07/navbaruser.png Graphic file (type png)
<use rys07/navbaruser.png>
Package pdftex.def Info: rys07/navbaruser.png  used on input line 48.
(pdftex.def)             Requested size: 455.0pt x 20.88974pt.
<rys07/navbaradmin.png, id=824, 1045.65656pt x 45.16875pt>
File: rys07/navbaradmin.png Graphic file (type png)
<use rys07/navbaradmin.png>
Package pdftex.def Info: rys07/navbaradmin.png  used on input line 54.
(pdftex.def)             Requested size: 455.0pt x 19.65443pt.

Overfull \vbox (0.89998pt too high) has occurred while \output is active []


[32




 <./rys07/homepage.png> <./rys07/homepagelogged.png> <./rys07/loginmodal.png> <
./rys07/registermodal.png>]
<rys07/navbarprofile.png, id=837, 153.57375pt x 124.21407pt>
File: rys07/navbarprofile.png Graphic file (type png)
<use rys07/navbarprofile.png>
Package pdftex.def Info: rys07/navbarprofile.png  used on input line 69.
(pdftex.def)             Requested size: 136.50139pt x 110.41179pt.
<rys07/profile.png, id=838, 1301.61281pt x 545.03625pt>
File: rys07/profile.png Graphic file (type png)
<use rys07/profile.png>
Package pdftex.def Info: rys07/profile.png  used on input line 76.
(pdftex.def)             Requested size: 318.49861pt x 133.36456pt.
<rys07/upload1.png, id=840, 960.58875pt x 380.92313pt>
File: rys07/upload1.png Graphic file (type png)
<use rys07/upload1.png>
Package pdftex.def Info: rys07/upload1.png  used on input line 86.
(pdftex.def)             Requested size: 273.00278pt x 108.26196pt.
<rys07/upload2.png, id=841, 956.82469pt x 423.08063pt>
File: rys07/upload2.png Graphic file (type png)
<use rys07/upload2.png>
Package pdftex.def Info: rys07/upload2.png  used on input line 92.
(pdftex.def)             Requested size: 273.00278pt x 120.7148pt.
<rys07/upload3.png, id=842, 959.83594pt x 320.69812pt>
File: rys07/upload3.png Graphic file (type png)
<use rys07/upload3.png>
Package pdftex.def Info: rys07/upload3.png  used on input line 98.
(pdftex.def)             Requested size: 273.00278pt x 91.21396pt.


LaTeX Warning: `h' float specifier changed to `ht'.


Overfull \vbox (0.89998pt too high) has occurred while \output is active []


[33 <./rys07/navbaruser.png> <./rys07/navbaradmin.png> <./rys07/navbarprofile.p
ng> <./rys07/profile.png>]
<rys07/tables1.png, id=856, 1049.42062pt x 442.65375pt>
File: rys07/tables1.png Graphic file (type png)
<use rys07/tables1.png>
Package pdftex.def Info: rys07/tables1.png  used on input line 113.
(pdftex.def)             Requested size: 364.00139pt x 153.53973pt.

Overfull \vbox (0.89998pt too high) has occurred while \output is active []


[34 <./rys07/upload1.png> <./rys07/upload2.png> <./rys07/upload3.png> <./rys07/
tables1.png>]
<rys07/schedule.png, id=867, 694.09312pt x 593.21625pt>
File: rys07/schedule.png Graphic file (type png)
<use rys07/schedule.png>
Package pdftex.def Info: rys07/schedule.png  used on input line 124.
(pdftex.def)             Requested size: 364.00139pt x 311.10828pt.

Overfull \vbox (0.89998pt too high) has occurred while \output is active []


[35 <./rys07/schedule.png>]
<rys07/boxscore.png, id=878, 867.99281pt x 658.71094pt>
File: rys07/boxscore.png Graphic file (type png)
<use rys07/boxscore.png>
Package pdftex.def Info: rys07/boxscore.png  used on input line 134.
(pdftex.def)             Requested size: 455.0pt x 345.2957pt.
<rys07/playbyplay.png, id=879, 869.49844pt x 477.28313pt>
File: rys07/playbyplay.png Graphic file (type png)
<use rys07/playbyplay.png>
Package pdftex.def Info: rys07/playbyplay.png  used on input line 142.
(pdftex.def)             Requested size: 455.0pt x 249.76172pt.

Overfull \vbox (0.89998pt too high) has occurred while \output is active []


[36 <./rys07/boxscore.png> <./rys07/playbyplay.png>]
<rys07/stats.png, id=887, 912.40875pt x 656.4525pt>
File: rys07/stats.png Graphic file (type png)
<use rys07/stats.png>
Package pdftex.def Info: rys07/stats.png  used on input line 154.
(pdftex.def)             Requested size: 455.0pt x 327.35399pt.

Overfull \vbox (0.89998pt too high) has occurred while \output is active []


[37 <./rys07/stats.png>]
<rys07/players.png, id=901, 624.08156pt x 541.27219pt>
File: rys07/players.png Graphic file (type png)
<use rys07/players.png>
Package pdftex.def Info: rys07/players.png  used on input line 168.
(pdftex.def)             Requested size: 226.5928pt x 196.52618pt.
<rys07/teams.png, id=902, 354.57469pt x 588.69937pt>
File: rys07/teams.png Graphic file (type png)
<use rys07/teams.png>
Package pdftex.def Info: rys07/teams.png  used on input line 174.
(pdftex.def)             Requested size: 111.47646pt x 185.08195pt.
<rys07/playerdetails.png, id=903, 1100.61188pt x 499.8675pt>
File: rys07/playerdetails.png Graphic file (type png)
<use rys07/playerdetails.png>
Package pdftex.def Info: rys07/playerdetails.png  used on input line 186.
(pdftex.def)             Requested size: 409.49722pt x 185.97777pt.
<rys07/teamdetails.png, id=904, 1102.87032pt x 439.6425pt>
File: rys07/teamdetails.png Graphic file (type png)
<use rys07/teamdetails.png>
Package pdftex.def Info: rys07/teamdetails.png  used on input line 192.
(pdftex.def)             Requested size: 409.49722pt x 163.2421pt.
<rys07/managenav.png, id=906, 955.31906pt x 54.9553pt>
File: rys07/managenav.png Graphic file (type png)
<use rys07/managenav.png>
Package pdftex.def Info: rys07/managenav.png  used on input line 207.
(pdftex.def)             Requested size: 455.0pt x 26.17363pt.

Overfull \vbox (0.89998pt too high) has occurred while \output is active []


[38 <./rys07/players.png> <./rys07/teams.png> <./rys07/playerdetails.png> <./ry
s07/teamdetails.png>]
<rys07/createplayer.png, id=916, 585.68813pt x 342.5297pt>
File: rys07/createplayer.png Graphic file (type png)
<use rys07/createplayer.png>
Package pdftex.def Info: rys07/createplayer.png  used on input line 217.
(pdftex.def)             Requested size: 273.00278pt x 159.66664pt.
<rys07/createteam.png, id=917, 942.52126pt x 309.40594pt>
File: rys07/createteam.png Graphic file (type png)
<use rys07/createteam.png>
Package pdftex.def Info: rys07/createteam.png  used on input line 223.
(pdftex.def)             Requested size: 455.0pt x 149.36769pt.

Overfull \vbox (0.89998pt too high) has occurred while \output is active []


[39 <./rys07/managenav.png> <./rys07/createplayer.png> <./rys07/createteam.png>
]
<rys07/season.png, id=933, 942.52126pt x 454.69875pt>
File: rys07/season.png Graphic file (type png)
<use rys07/season.png>
Package pdftex.def Info: rys07/season.png  used on input line 237.
(pdftex.def)             Requested size: 341.25pt x 164.62807pt.
<rys07/seasoncreate.png, id=934, 456.95718pt x 301.125pt>
File: rys07/seasoncreate.png Graphic file (type png)
<use rys07/seasoncreate.png>
Package pdftex.def Info: rys07/seasoncreate.png  used on input line 245.
(pdftex.def)             Requested size: 181.99722pt x 119.92865pt.
<rys07/manageteams.png, id=935, 463.7325pt x 313.9228pt>
File: rys07/manageteams.png Graphic file (type png)
<use rys07/manageteams.png>
Package pdftex.def Info: rys07/manageteams.png  used on input line 253.
(pdftex.def)             Requested size: 204.74861pt x 138.60545pt.
<rys07/manageplayers.png, id=936, 456.20438pt x 411.78844pt>
File: rys07/manageplayers.png Graphic file (type png)
<use rys07/manageplayers.png>
Package pdftex.def Info: rys07/manageplayers.png  used on input line 260.
(pdftex.def)             Requested size: 204.74861pt x 184.81297pt.

Overfull \vbox (0.89998pt too high) has occurred while \output is active []


[40 <./rys07/season.png> <./rys07/seasoncreate.png> <./rys07/manageteams.png> <
./rys07/manageplayers.png>]
<rys07/division.png, id=946, 944.7797pt x 227.34938pt>
File: rys07/division.png Graphic file (type png)
<use rys07/division.png>
Package pdftex.def Info: rys07/division.png  used on input line 272.
(pdftex.def)             Requested size: 455.0pt x 109.4907pt.
<rys07/matchmanager.png, id=952, 949.29657pt x 504.38437pt>
File: rys07/matchmanager.png Graphic file (type png)
<use rys07/matchmanager.png>
Package pdftex.def Info: rys07/matchmanager.png  used on input line 286.
(pdftex.def)             Requested size: 455.0pt x 241.7554pt.

Overfull \vbox (0.89998pt too high) has occurred while \output is active []


[41 <./rys07/division.png> <./rys07/matchmanager.png>]
<rys07/newgame.png, id=964, 457.71pt x 193.47281pt>
File: rys07/newgame.png Graphic file (type png)
<use rys07/newgame.png>
Package pdftex.def Info: rys07/newgame.png  used on input line 297.
(pdftex.def)             Requested size: 216.1243pt x 91.35439pt.
<rys07/choseteams.png, id=965, 455.45157pt x 194.97844pt>
File: rys07/choseteams.png Graphic file (type png)
<use rys07/choseteams.png>
Package pdftex.def Info: rys07/choseteams.png  used on input line 303.
(pdftex.def)             Requested size: 216.1243pt x 92.52348pt.
<rys07/gotomatch.png, id=966, 901.86937pt x 530.73282pt>
File: rys07/gotomatch.png Graphic file (type png)
<use rys07/gotomatch.png>
Package pdftex.def Info: rys07/gotomatch.png  used on input line 314.
(pdftex.def)             Requested size: 341.25pt x 200.82214pt.
<rys07/statsprogram.png, id=967, 785.93625pt x 560.0925pt>
File: rys07/statsprogram.png Graphic file (type png)
<use rys07/statsprogram.png>
Package pdftex.def Info: rys07/statsprogram.png  used on input line 321.
(pdftex.def)             Requested size: 364.00139pt x 259.4062pt.

Overfull \vbox (0.89998pt too high) has occurred while \output is active []


[42 <./rys07/newgame.png> <./rys07/choseteams.png> <./rys07/gotomatch.png> <./r
ys07/statsprogram.png>]
<rys07/shotmade.png, id=978, 779.16093pt x 511.15968pt>
File: rys07/shotmade.png Graphic file (type png)
<use rys07/shotmade.png>
Package pdftex.def Info: rys07/shotmade.png  used on input line 334.
(pdftex.def)             Requested size: 273.00278pt x 179.09575pt.
<rys07/statsprogrampts.png, id=979, 789.70032pt x 558.58687pt>
File: rys07/statsprogrampts.png Graphic file (type png)
<use rys07/statsprogrampts.png>
Package pdftex.def Info: rys07/statsprogrampts.png  used on input line 341.
(pdftex.def)             Requested size: 318.49861pt x 225.28888pt.

Overfull \vbox (0.89998pt too high) has occurred while \output is active []


[43 <./rys07/shotmade.png> <./rys07/statsprogrampts.png>]
<rys07/endmatch.png, id=990, 782.925pt x 124.96687pt>
File: rys07/endmatch.png Graphic file (type png)
<use rys07/endmatch.png>
Package pdftex.def Info: rys07/endmatch.png  used on input line 350.
(pdftex.def)             Requested size: 455.0pt x 72.62575pt.
)
Overfull \vbox (0.89998pt too high) has occurred while \output is active []


[44 <./rys07/endmatch.png>]
\openout2 = `rozdzial08.aux'.

 (rozdzial08.tex)
Overfull \vbox (0.89998pt too high) has occurred while \output is active []


[45




]
\openout2 = `bibliografia.aux'.

 (bibliografia.tex
bibitemlist

Underfull \hbox (badness 10000) in paragraph at lines 24--25
[]\T1/qtm/m/n/12 What is Ty-pe-Script and why wo-uld I use it in place of Ja-va
-Script?,
 []


Underfull \hbox (badness 10000) in paragraph at lines 24--25
\T1/qtm/m/n/12 Paul Di-xon, []$\T1/txtt/m/n/12 https : / / stackoverflow . com 
/ questions / 12694530 /
 []


Underfull \hbox (badness 10000) in paragraph at lines 24--25
\T1/txtt/m/n/12 what-[]is-[]typescript-[]and-[]why-[]would-[]i-[]use-[]it-[]in-
[]place-[]of-[]javascript$[]
 []


Underfull \hbox (badness 10000) in paragraph at lines 27--29
[]\T1/qtm/m/n/12 Interfejsy REST API w prak-tyce prze-my-so-wej, Re-dak-cja Po
r-tal Prze-my-
 []


Underfull \hbox (badness 10000) in paragraph at lines 27--29
\T1/qtm/m/n/12 sowy.pl, []$\T1/txtt/m/n/12 https : / / portalprzemyslowy . pl 
/ utrzymanie-[]ruchu-[]produkcja /
 []


Underfull \hbox (badness 10000) in paragraph at lines 27--29
\T1/txtt/m/n/12 utrzymanie-[]ruchu-[]lean-[]tqm-[]uslugi-[]dla-[]przemyslu /
 []


Underfull \hbox (badness 1286) in paragraph at lines 27--29
\T1/txtt/m/n/12 interfejsy-[]rest-[]api-[]w-[]praktyce-[]przemyslowej/$[] \T1/q
tm/m/n/12 [do-stp dnia 20 pa-dzier-nika
 []


Underfull \hbox (badness 1360) in paragraph at lines 31--32
\T1/txtt/m/n/12 com / blog / fundamentals-[]web-[]application-[]architecture$[]
 \T1/qtm/m/n/12 [do-stp dnia 07 li-sto-
 []

)
Overfull \vbox (0.89998pt too high) has occurred while \output is active []


[46




]

Class memoir Warning: The material used in the headers is too large
(14.49998pt) for the given head height (13.6pt), it is recommended to
either increase the head height or redesign the header
(in both cases you will find help in the memoir manual). on input line 781.

\tf@toc=\write7
\openout7 = `Dyplom.toc'.

(Dyplom.aux (rozdzial01.aux) (rozdzial02.aux) (rozdzial03.aux) (rozdzial04.aux)
(rozdzial05.aux) (rozdzial06.aux) (rozdzial07.aux) (rozdzial08.aux)
(bibliografia.aux))
Package rerunfilecheck Info: File `Dyplom.out' has not changed.
(rerunfilecheck)             Checksum: CF5FB718FD600EC3267958027396D93D;6226.
 ) 
Here is how much of TeX's memory you used:
 21737 strings out of 480235
 350372 string characters out of 2879590
 1235984 words of memory out of 3000000
 37355 multiletter control sequences out of 15000+200000
 642021 words of font info for 83 fonts, out of 3000000 for 9000
 1141 hyphenation exceptions out of 8191
 71i,13n,99p,1025b,2063s stack positions out of 5000i,500n,10000p,200000b,50000s
{C:/Users/pietrus/AppData/Local/Programs/MiKTeX/fonts/enc/dvips/lm/lm-mathit.
enc}{C:/Users/pietrus/AppData/Local/Programs/MiKTeX/fonts/enc/dvips/lm/lm-maths
y.enc}{C:/Users/pietrus/AppData/Local/Programs/MiKTeX/fonts/enc/dvips/tex-gyre/
q-ec.enc}{C:/Users/pietrus/AppData/Local/Programs/MiKTeX/fonts/enc/dvips/ebgara
mond/ebgm_tcdnmr.enc}<C:/Users/pietrus/AppData/Local/Programs/MiKTeX/fonts/type
1/public/ebgaramond/EBGaramond-Regular.pfb><C:/Users/pietrus/AppData/Local/Prog
rams/MiKTeX/fonts/type1/public/lm/lmmi10.pfb><C:/Users/pietrus/AppData/Local/Pr
ograms/MiKTeX/fonts/type1/public/lm/lmsy10.pfb><C:/Users/pietrus/AppData/Local/
Programs/MiKTeX/fonts/type1/public/tex-gyre/qtmb.pfb><C:/Users/pietrus/AppData/
Local/Programs/MiKTeX/fonts/type1/public/tex-gyre/qtmr.pfb><C:/Users/pietrus/Ap
pData/Local/Programs/MiKTeX/fonts/type1/public/tex-gyre/qtmri.pfb><C:/Users/pie
trus/AppData/Local/Programs/MiKTeX/fonts/type1/public/txfonts/t1xtt.pfb>
Output written on Dyplom.pdf (46 pages, 5132369 bytes).
PDF statistics:
 1149 PDF objects out of 1200 (max. 8388607)
 491 named destinations out of 1000 (max. 500000)
 625 words of extra memory for PDF output out of 10000 (max. 10000000)

